<?xml version="1.0" encoding="UTF-8"?>
<testsuites>
  <testsuite name="digitaladditive\ExactTargetLaravel\Test\ExactTargetLaravelTests" file="/home/vagrant/etapi-bitbucket/tests/ExactTargetLaravelTests.php" tests="8" assertions="1" failures="0" errors="1" time="0.004463">
    <testcase name="testGetConfig" class="digitaladditive\ExactTargetLaravel\Test\ExactTargetLaravelTests" file="/home/vagrant/etapi-bitbucket/tests/ExactTargetLaravelTests.php" line="21" assertions="1" time="0.003983"/>
    <testcase name="testGetToken" class="digitaladditive\ExactTargetLaravel\Test\ExactTargetLaravelTests" file="/home/vagrant/etapi-bitbucket/tests/ExactTargetLaravelTests.php" line="30" assertions="0" time="0.000102">
      <error type="PHPUnit_Framework_Error_Warning">digitaladditive\ExactTargetLaravel\Test\ExactTargetLaravelTests::testGetToken
Missing argument 1 for digitaladditive\ExactTargetLaravel\ExactTargetLaravelApi::getToken(), called in /home/vagrant/etapi-bitbucket/tests/ExactTargetLaravelTests.php on line 32 and defined

/home/vagrant/etapi-bitbucket/src/ExactTargetLaravelApi.php:106
/home/vagrant/etapi-bitbucket/tests/ExactTargetLaravelTests.php:32
</error>
    </testcase>
    <testcase name="testRestConnection" class="digitaladditive\ExactTargetLaravel\Test\ExactTargetLaravelTests" file="/home/vagrant/etapi-bitbucket/tests/ExactTargetLaravelTests.php" line="39" assertions="0" time="0.000074"/>
    <testcase name="testSoapConnection" class="digitaladditive\ExactTargetLaravel\Test\ExactTargetLaravelTests" file="/home/vagrant/etapi-bitbucket/tests/ExactTargetLaravelTests.php" line="47" assertions="0" time="0.000068"/>
    <testcase name="testUpsertRowset" class="digitaladditive\ExactTargetLaravel\Test\ExactTargetLaravelTests" file="/home/vagrant/etapi-bitbucket/tests/ExactTargetLaravelTests.php" line="55" assertions="0" time="0.000063"/>
    <testcase name="testDeleteRow" class="digitaladditive\ExactTargetLaravel\Test\ExactTargetLaravelTests" file="/home/vagrant/etapi-bitbucket/tests/ExactTargetLaravelTests.php" line="63" assertions="0" time="0.000060"/>
    <testcase name="testGetDeColumns" class="digitaladditive\ExactTargetLaravel\Test\ExactTargetLaravelTests" file="/home/vagrant/etapi-bitbucket/tests/ExactTargetLaravelTests.php" line="71" assertions="0" time="0.000057"/>
    <testcase name="testGetRows" class="digitaladditive\ExactTargetLaravel\Test\ExactTargetLaravelTests" file="/home/vagrant/etapi-bitbucket/tests/ExactTargetLaravelTests.php" line="79" assertions="0" time="0.000056"/>
  </testsuite>
</testsuites>
